[debug] [2024-09-09T10:32:24.198Z] ----------------------------------------------------------------------
[debug] [2024-09-09T10:32:24.199Z] Command:       /Users/krystal/.nvm/versions/node/v18.16.0/bin/node /Users/krystal/.nvm/versions/node/v18.16.0/bin/firebase emulators:start
[debug] [2024-09-09T10:32:24.199Z] CLI Version:   13.16.0
[debug] [2024-09-09T10:32:24.199Z] Platform:      darwin
[debug] [2024-09-09T10:32:24.199Z] Node Version:  v18.16.0
[debug] [2024-09-09T10:32:24.200Z] Time:          Mon Sep 09 2024 19:32:24 GMT+0900 (대한민국 표준시)
[debug] [2024-09-09T10:32:24.200Z] ----------------------------------------------------------------------
[debug] 
[debug] [2024-09-09T10:32:24.263Z] > command requires scopes: ["email","openid","https://www.googleapis.com/auth/cloudplatformprojects.readonly","https://www.googleapis.com/auth/firebase","https://www.googleapis.com/auth/cloud-platform"]
[debug] [2024-09-09T10:32:24.263Z] > authorizing via signed-in user (motionbit.dev@gmail.com)
[info] i  emulators: Starting emulators: functions, hosting {"metadata":{"emulator":{"name":"hub"},"message":"Starting emulators: functions, hosting"}}
[debug] [2024-09-09T10:32:24.584Z] [logging] Logging Emulator only supports listening on one address (127.0.0.1). Not listening on ::1
[warn] ⚠  hosting: Hosting Emulator unable to start on port 5000, starting on 5002 instead. {"metadata":{"emulator":{"name":"hosting"},"message":"Hosting Emulator unable to start on port 5000, starting on 5002 instead."}}
[debug] [2024-09-09T10:32:24.585Z] [hosting] Hosting Emulator only supports listening on one address (127.0.0.1). Not listening on ::1
[debug] [2024-09-09T10:32:24.585Z] assigned listening specs for emulators {"user":{"hub":[{"address":"127.0.0.1","family":"IPv4","port":4400},{"address":"::1","family":"IPv6","port":4400}],"ui":[{"address":"127.0.0.1","family":"IPv4","port":4000},{"address":"::1","family":"IPv6","port":4000}],"logging":[{"address":"127.0.0.1","family":"IPv4","port":4500}],"hosting":[{"address":"127.0.0.1","family":"IPv4","port":5002}]},"metadata":{"message":"assigned listening specs for emulators"}}
[debug] [2024-09-09T10:32:24.588Z] [hub] writing locator at /var/folders/hs/zx2lf8sd403b66pzfx_n99140000gn/T/hub-motionbit-doc.json
[debug] [2024-09-09T10:32:24.789Z] [functions] Functions Emulator only supports listening on one address (127.0.0.1). Not listening on ::1
[debug] [2024-09-09T10:32:24.789Z] [eventarc] Eventarc Emulator only supports listening on one address (127.0.0.1). Not listening on ::1
[debug] [2024-09-09T10:32:24.789Z] [tasks] Cloud Tasks Emulator only supports listening on one address (127.0.0.1). Not listening on ::1
[debug] [2024-09-09T10:32:24.789Z] late-assigned ports for functions and eventarc emulators {"user":{"hub":[{"address":"127.0.0.1","family":"IPv4","port":4400},{"address":"::1","family":"IPv6","port":4400}],"ui":[{"address":"127.0.0.1","family":"IPv4","port":4000},{"address":"::1","family":"IPv6","port":4000}],"logging":[{"address":"127.0.0.1","family":"IPv4","port":4500}],"hosting":[{"address":"127.0.0.1","family":"IPv4","port":5002}],"functions":[{"address":"127.0.0.1","family":"IPv4","port":5001}],"eventarc":[{"address":"127.0.0.1","family":"IPv4","port":9299}],"tasks":[{"address":"127.0.0.1","family":"IPv4","port":9499}]},"metadata":{"message":"late-assigned ports for functions and eventarc emulators"}}
[warn] ⚠  functions: The following emulators are not running, calls to these services from the Functions emulator will affect production: auth, firestore, database, pubsub, storage, dataconnect {"metadata":{"emulator":{"name":"functions"},"message":"The following emulators are not running, calls to these services from the Functions emulator will affect production: \u001b[1mauth, firestore, database, pubsub, storage, dataconnect\u001b[22m"}}
[warn] ⚠  functions: Your GOOGLE_APPLICATION_CREDENTIALS environment variable points to /Users/krystal/Downloads/motionbit-chatbot-ef38d351fa9d.json. Non-emulated services will access production using these credentials. Be careful! {"metadata":{"emulator":{"name":"functions"},"message":"Your GOOGLE_APPLICATION_CREDENTIALS environment variable points to /Users/krystal/Downloads/motionbit-chatbot-ef38d351fa9d.json. Non-emulated services will access production using these credentials. Be careful!"}}
[debug] [2024-09-09T10:32:24.791Z] >>> [apiv2][query] GET https://firebase.googleapis.com/v1beta1/projects/motionbit-doc/adminSdkConfig [none]
[debug] [2024-09-09T10:32:25.205Z] <<< [apiv2][status] GET https://firebase.googleapis.com/v1beta1/projects/motionbit-doc/adminSdkConfig 200
[debug] [2024-09-09T10:32:25.206Z] <<< [apiv2][body] GET https://firebase.googleapis.com/v1beta1/projects/motionbit-doc/adminSdkConfig {"projectId":"motionbit-doc","storageBucket":"motionbit-doc.appspot.com"}
[debug] [2024-09-09T10:32:25.220Z] >>> [apiv2][query] GET https://firebasehosting.googleapis.com/v1beta1/projects/motionbit-doc/sites 
[debug] [2024-09-09T10:32:25.909Z] <<< [apiv2][status] GET https://firebasehosting.googleapis.com/v1beta1/projects/motionbit-doc/sites 200
[debug] [2024-09-09T10:32:25.909Z] <<< [apiv2][body] GET https://firebasehosting.googleapis.com/v1beta1/projects/motionbit-doc/sites {"sites":[{"name":"projects/motionbit-doc/sites/motionbit-doc","defaultUrl":"https://motionbit-doc.web.app","appId":"1:538210576070:web:994485e9ed44db860b19c7","type":"DEFAULT_SITE"}]}
[debug] [2024-09-09T10:32:25.909Z] >>> [apiv2][query] GET https://firebase.googleapis.com/v1beta1/projects/motionbit-doc/webApps/1:538210576070:web:994485e9ed44db860b19c7/config [none]
[debug] [2024-09-09T10:32:26.790Z] <<< [apiv2][status] GET https://firebase.googleapis.com/v1beta1/projects/motionbit-doc/webApps/1:538210576070:web:994485e9ed44db860b19c7/config 200
[debug] [2024-09-09T10:32:26.790Z] <<< [apiv2][body] GET https://firebase.googleapis.com/v1beta1/projects/motionbit-doc/webApps/1:538210576070:web:994485e9ed44db860b19c7/config {"projectId":"motionbit-doc","appId":"1:538210576070:web:994485e9ed44db860b19c7","storageBucket":"motionbit-doc.appspot.com","apiKey":"AIzaSyD-Mek9C2tSfd97xfdAKmvlQtEUf3oJ2lY","authDomain":"motionbit-doc.firebaseapp.com","messagingSenderId":"538210576070","measurementId":"G-KBHLFK367R"}
[debug] [2024-09-09T10:32:26.795Z] >>> [apiv2][query] GET https://firebase.googleapis.com/v1beta1/projects/motionbit-doc [none]
[debug] [2024-09-09T10:32:27.300Z] <<< [apiv2][status] GET https://firebase.googleapis.com/v1beta1/projects/motionbit-doc 200
[debug] [2024-09-09T10:32:27.300Z] <<< [apiv2][body] GET https://firebase.googleapis.com/v1beta1/projects/motionbit-doc {"projectId":"motionbit-doc","projectNumber":"538210576070","displayName":"motionbit-doc","name":"projects/motionbit-doc","resources":{"hostingSite":"motionbit-doc"},"state":"ACTIVE","etag":"1_15ba5bee-e95b-4cc8-852c-55bc5572dc2a"}
[info] i  hosting[motionbit-doc]: Serving hosting files from: build {"metadata":{"emulator":{"name":"hosting"},"message":"Serving hosting files from: \u001b[1mbuild\u001b[22m"}}
[info] ✔  hosting[motionbit-doc]: Local server: http://127.0.0.1:5002 {"metadata":{"emulator":{"name":"hosting"},"message":"Local server: \u001b[4m\u001b[1mhttp://127.0.0.1:5002\u001b[22m\u001b[24m"}}
[debug] [2024-09-09T10:32:27.345Z] Ignoring unsupported arg: auto_download {"metadata":{"emulator":{"name":"ui"},"message":"Ignoring unsupported arg: auto_download"}}
[debug] [2024-09-09T10:32:27.345Z] Ignoring unsupported arg: port {"metadata":{"emulator":{"name":"ui"},"message":"Ignoring unsupported arg: port"}}
[debug] [2024-09-09T10:32:27.345Z] Starting Emulator UI with command {"binary":"node","args":["/Users/krystal/.cache/firebase/emulators/ui-v1.13.0/server/server.mjs"],"optionalArgs":[],"joinArgs":false,"shell":false} {"metadata":{"emulator":{"name":"ui"},"message":"Starting Emulator UI with command {\"binary\":\"node\",\"args\":[\"/Users/krystal/.cache/firebase/emulators/ui-v1.13.0/server/server.mjs\"],\"optionalArgs\":[],\"joinArgs\":false,\"shell\":false}"}}
[info] i  ui: Emulator UI logging to ui-debug.log {"metadata":{"emulator":{"name":"ui"},"message":"Emulator UI logging to \u001b[1mui-debug.log\u001b[22m"}}
[debug] [2024-09-09T10:32:27.416Z] Web / API server started at 127.0.0.1:4000
 {"metadata":{"emulator":{"name":"ui"},"message":"Web / API server started at 127.0.0.1:4000\n"}}
[debug] [2024-09-09T10:32:27.416Z] Web / API server started at ::1:4000
 {"metadata":{"emulator":{"name":"ui"},"message":"Web / API server started at ::1:4000\n"}}
[info] i  functions: Watching "/Users/krystal/Project/motionbit/functions" for Cloud Functions... {"metadata":{"emulator":{"name":"functions"},"message":"Watching \"/Users/krystal/Project/motionbit/functions\" for Cloud Functions..."}}
[debug] [2024-09-09T10:32:27.552Z] Validating nodejs source
[debug] [2024-09-09T10:32:27.991Z] > [functions] package.json contents: {
  "name": "functions",
  "description": "Cloud Functions for Firebase",
  "scripts": {
    "serve": "firebase emulators:start --only functions",
    "shell": "firebase functions:shell",
    "start": "npm run shell",
    "deploy": "firebase deploy --only functions",
    "logs": "firebase functions:log"
  },
  "engines": {
    "node": "18"
  },
  "main": "index.js",
  "dependencies": {
    "firebase-admin": "^12.1.0",
    "firebase-functions": "^5.0.0"
  },
  "devDependencies": {
    "firebase-functions-test": "^3.1.0"
  },
  "private": true
}
[debug] [2024-09-09T10:32:27.992Z] Building nodejs source
[debug] [2024-09-09T10:32:27.992Z] Failed to find version of module node: reached end of search path /Users/krystal/Project/motionbit/functions/node_modules
[info] ✔  functions: Using node@18 from host. 
[debug] [2024-09-09T10:32:27.993Z] Could not find functions.yaml. Must use http discovery
[debug] [2024-09-09T10:32:27.996Z] Found firebase-functions binary at '/Users/krystal/Project/motionbit/functions/node_modules/.bin/firebase-functions'
[info] Serving at port 8030

[debug] [2024-09-09T10:32:28.182Z] Got response from /__/functions.yaml {"endpoints":{"helloWorld":{"availableMemoryMb":null,"timeoutSeconds":null,"minInstances":null,"maxInstances":null,"ingressSettings":null,"concurrency":null,"serviceAccountEmail":null,"vpc":null,"platform":"gcfv2","labels":{},"httpsTrigger":{},"entryPoint":"helloWorld"}},"specVersion":"v1alpha1","requiredAPIs":[],"extensions":{}}
[info] ✔  functions: Loaded functions definitions from source: helloWorld. {"metadata":{"emulator":{"name":"functions"},"message":"Loaded functions definitions from source: helloWorld."}}
[info] ✔  functions[us-central1-helloWorld]: http function initialized (http://127.0.0.1:5001/motionbit-doc/us-central1/helloWorld). {"metadata":{"emulator":{"name":"functions"},"message":"\u001b[1mhttp\u001b[22m function initialized (http://127.0.0.1:5001/motionbit-doc/us-central1/helloWorld)."}}
[info] 
┌─────────────────────────────────────────────────────────────┐
│ ✔  All emulators ready! It is now safe to connect your app. │
│ i  View Emulator UI at http://127.0.0.1:4000/               │
└─────────────────────────────────────────────────────────────┘

┌───────────┬────────────────┬─────────────────────────────────┐
│ Emulator  │ Host:Port      │ View in Emulator UI             │
├───────────┼────────────────┼─────────────────────────────────┤
│ Functions │ 127.0.0.1:5001 │ http://127.0.0.1:4000/functions │
├───────────┼────────────────┼─────────────────────────────────┤
│ Hosting   │ 127.0.0.1:5002 │ n/a                             │
└───────────┴────────────────┴─────────────────────────────────┘
  Emulator Hub running at 127.0.0.1:4400
  Other reserved ports: 4500

Issues? Report them at https://github.com/firebase/firebase-tools/issues and attach the *-debug.log files.
 
[debug] [2024-09-09T10:32:48.871Z] Functions emulator received unknown request at path /helloWorld
[debug] [2024-09-09T10:35:20.677Z] [work-queue] {"queuedWork":["/motionbit-doc/us-central1/helloWorld-2024-09-09T10:35:20.677Z"],"queueLength":1,"runningWork":[],"workRunningCount":0}
[debug] [2024-09-09T10:35:20.678Z] [work-queue] {"queuedWork":[],"queueLength":0,"runningWork":["/motionbit-doc/us-central1/helloWorld-2024-09-09T10:35:20.677Z"],"workRunningCount":1}
[debug] [2024-09-09T10:35:20.678Z] Accepted request GET /motionbit-doc/us-central1/helloWorld --> us-central1-helloWorld
[debug] [2024-09-09T10:35:20.680Z] [functions] Runtime ready! Sending request! {"metadata":{"emulator":{"name":"functions"},"message":"[functions] Runtime ready! Sending request!"}}
[debug] [2024-09-09T10:35:20.681Z] [functions] Got req.url=/motionbit-doc/us-central1/helloWorld, mapping to path=/ {"metadata":{"emulator":{"name":"functions"},"message":"[functions] Got req.url=/motionbit-doc/us-central1/helloWorld, mapping to path=/"}}
[debug] [2024-09-09T10:35:20.684Z] [worker-pool] addWorker(us-central1-helloWorld) {"metadata":{"emulator":{"name":"functions"},"message":"[worker-pool] addWorker(us-central1-helloWorld)"}}
[debug] [2024-09-09T10:35:20.685Z] [worker-pool] Adding worker with key us-central1-helloWorld, total=1 {"metadata":{"emulator":{"name":"functions"},"message":"[worker-pool] Adding worker with key us-central1-helloWorld, total=1"}}
[debug] [2024-09-09T10:35:21.519Z] [runtime-status] [21288] Resolved module firebase-admin {"declared":true,"installed":true,"version":"12.4.0","resolution":"/Users/krystal/Project/motionbit/functions/node_modules/firebase-admin/lib/index.js"} {"metadata":{"emulator":{"name":"functions"},"function":{"name":"us-central1-helloWorld"},"extension":{},"message":"[runtime-status] [21288] Resolved module firebase-admin {\"declared\":true,\"installed\":true,\"version\":\"12.4.0\",\"resolution\":\"/Users/krystal/Project/motionbit/functions/node_modules/firebase-admin/lib/index.js\"}"}}
[debug] [2024-09-09T10:35:21.519Z] [runtime-status] [21288] Resolved module firebase-functions {"declared":true,"installed":true,"version":"5.1.1","resolution":"/Users/krystal/Project/motionbit/functions/node_modules/firebase-functions/lib/v1/index.js"} {"metadata":{"emulator":{"name":"functions"},"function":{"name":"us-central1-helloWorld"},"extension":{},"message":"[runtime-status] [21288] Resolved module firebase-functions {\"declared\":true,\"installed\":true,\"version\":\"5.1.1\",\"resolution\":\"/Users/krystal/Project/motionbit/functions/node_modules/firebase-functions/lib/v1/index.js\"}"}}
[debug] [2024-09-09T10:35:21.520Z] [runtime-status] [21288] Outgoing network have been stubbed. [{"name":"http","status":"mocked"},{"name":"http","status":"mocked"},{"name":"https","status":"mocked"},{"name":"https","status":"mocked"},{"name":"net","status":"mocked"}] {"metadata":{"emulator":{"name":"functions"},"function":{"name":"us-central1-helloWorld"},"extension":{},"message":"[runtime-status] [21288] Outgoing network have been stubbed. [{\"name\":\"http\",\"status\":\"mocked\"},{\"name\":\"http\",\"status\":\"mocked\"},{\"name\":\"https\",\"status\":\"mocked\"},{\"name\":\"https\",\"status\":\"mocked\"},{\"name\":\"net\",\"status\":\"mocked\"}]"}}
[debug] [2024-09-09T10:35:21.520Z] [runtime-status] [21288] Resolved module firebase-functions {"declared":true,"installed":true,"version":"5.1.1","resolution":"/Users/krystal/Project/motionbit/functions/node_modules/firebase-functions/lib/v1/index.js"} {"metadata":{"emulator":{"name":"functions"},"function":{"name":"us-central1-helloWorld"},"extension":{},"message":"[runtime-status] [21288] Resolved module firebase-functions {\"declared\":true,\"installed\":true,\"version\":\"5.1.1\",\"resolution\":\"/Users/krystal/Project/motionbit/functions/node_modules/firebase-functions/lib/v1/index.js\"}"}}
[debug] [2024-09-09T10:35:21.703Z] [runtime-status] [21288] Checked functions.config() {"config":{}} {"metadata":{"emulator":{"name":"functions"},"function":{"name":"us-central1-helloWorld"},"extension":{},"message":"[runtime-status] [21288] Checked functions.config() {\"config\":{}}"}}
[debug] [2024-09-09T10:35:21.703Z] [runtime-status] [21288] firebase-functions has been stubbed. {"functionsResolution":{"declared":true,"installed":true,"version":"5.1.1","resolution":"/Users/krystal/Project/motionbit/functions/node_modules/firebase-functions/lib/v1/index.js"}} {"metadata":{"emulator":{"name":"functions"},"function":{"name":"us-central1-helloWorld"},"extension":{},"message":"[runtime-status] [21288] firebase-functions has been stubbed. {\"functionsResolution\":{\"declared\":true,\"installed\":true,\"version\":\"5.1.1\",\"resolution\":\"/Users/krystal/Project/motionbit/functions/node_modules/firebase-functions/lib/v1/index.js\"}}"}}
[debug] [2024-09-09T10:35:21.703Z] [runtime-status] [21288] Resolved module firebase-functions {"declared":true,"installed":true,"version":"5.1.1","resolution":"/Users/krystal/Project/motionbit/functions/node_modules/firebase-functions/lib/v1/index.js"} {"metadata":{"emulator":{"name":"functions"},"function":{"name":"us-central1-helloWorld"},"extension":{},"message":"[runtime-status] [21288] Resolved module firebase-functions {\"declared\":true,\"installed\":true,\"version\":\"5.1.1\",\"resolution\":\"/Users/krystal/Project/motionbit/functions/node_modules/firebase-functions/lib/v1/index.js\"}"}}
[debug] [2024-09-09T10:35:21.704Z] [runtime-status] [21288] Resolved module firebase-admin {"declared":true,"installed":true,"version":"12.4.0","resolution":"/Users/krystal/Project/motionbit/functions/node_modules/firebase-admin/lib/index.js"} {"metadata":{"emulator":{"name":"functions"},"function":{"name":"us-central1-helloWorld"},"extension":{},"message":"[runtime-status] [21288] Resolved module firebase-admin {\"declared\":true,\"installed\":true,\"version\":\"12.4.0\",\"resolution\":\"/Users/krystal/Project/motionbit/functions/node_modules/firebase-admin/lib/index.js\"}"}}
[debug] [2024-09-09T10:35:21.705Z] [runtime-status] [21288] Resolved module firebase-functions {"declared":true,"installed":true,"version":"5.1.1","resolution":"/Users/krystal/Project/motionbit/functions/node_modules/firebase-functions/lib/v1/index.js"} {"metadata":{"emulator":{"name":"functions"},"function":{"name":"us-central1-helloWorld"},"extension":{},"message":"[runtime-status] [21288] Resolved module firebase-functions {\"declared\":true,\"installed\":true,\"version\":\"5.1.1\",\"resolution\":\"/Users/krystal/Project/motionbit/functions/node_modules/firebase-functions/lib/v1/index.js\"}"}}
[debug] [2024-09-09T10:35:21.706Z] [runtime-status] [21288] firebase-admin has been stubbed. {"adminResolution":{"declared":true,"installed":true,"version":"12.4.0","resolution":"/Users/krystal/Project/motionbit/functions/node_modules/firebase-admin/lib/index.js"}} {"metadata":{"emulator":{"name":"functions"},"function":{"name":"us-central1-helloWorld"},"extension":{},"message":"[runtime-status] [21288] firebase-admin has been stubbed. {\"adminResolution\":{\"declared\":true,\"installed\":true,\"version\":\"12.4.0\",\"resolution\":\"/Users/krystal/Project/motionbit/functions/node_modules/firebase-admin/lib/index.js\"}}"}}
[debug] [2024-09-09T10:35:21.711Z] [runtime-status] [21288] Functions runtime initialized. {"cwd":"/Users/krystal/Project/motionbit/functions","node_version":"18.16.0"} {"metadata":{"emulator":{"name":"functions"},"function":{"name":"us-central1-helloWorld"},"extension":{},"message":"[runtime-status] [21288] Functions runtime initialized. {\"cwd\":\"/Users/krystal/Project/motionbit/functions\",\"node_version\":\"18.16.0\"}"}}
[debug] [2024-09-09T10:35:21.711Z] [runtime-status] [21288] Listening to port: /var/folders/hs/zx2lf8sd403b66pzfx_n99140000gn/T/fire_emu_9915ff2d9bb6fb31.sock {"metadata":{"emulator":{"name":"functions"},"function":{"name":"us-central1-helloWorld"},"extension":{},"message":"[runtime-status] [21288] Listening to port: /var/folders/hs/zx2lf8sd403b66pzfx_n99140000gn/T/fire_emu_9915ff2d9bb6fb31.sock"}}
[debug] [2024-09-09T10:35:21.799Z] [worker-us-central1-helloWorld-0224dfd9-d137-452a-8d8a-70929b85b2fa]: IDLE {"metadata":{"emulator":{"name":"functions"},"function":{"name":"us-central1-helloWorld"},"extension":{},"message":"[worker-us-central1-helloWorld-0224dfd9-d137-452a-8d8a-70929b85b2fa]: IDLE"}}
[debug] [2024-09-09T10:35:21.799Z] [worker-pool] submitRequest(triggerId=us-central1-helloWorld) {"metadata":{"emulator":{"name":"functions"},"message":"[worker-pool] submitRequest(triggerId=us-central1-helloWorld)"}}
[info] i  functions: Beginning execution of "us-central1-helloWorld" {"metadata":{"emulator":{"name":"functions"},"function":{"name":"us-central1-helloWorld"},"extension":{},"message":"Beginning execution of \"us-central1-helloWorld\""}}
[debug] [2024-09-09T10:35:21.800Z] [worker-us-central1-helloWorld-0224dfd9-d137-452a-8d8a-70929b85b2fa]: BUSY {"metadata":{"emulator":{"name":"functions"},"function":{"name":"us-central1-helloWorld"},"extension":{},"message":"[worker-us-central1-helloWorld-0224dfd9-d137-452a-8d8a-70929b85b2fa]: BUSY"}}
[debug] [2024-09-09T10:35:21.803Z] Finishing up request with event=pause {"metadata":{"emulator":{"name":"functions"},"function":{"name":"us-central1-helloWorld"},"extension":{},"message":"Finishing up request with event=pause"}}
[info] i  functions: Finished "us-central1-helloWorld" in 3.339833ms {"metadata":{"emulator":{"name":"functions"},"function":{"name":"us-central1-helloWorld"},"extension":{},"message":"Finished \"us-central1-helloWorld\" in 3.339833ms"}}
[debug] [2024-09-09T10:35:21.804Z] [worker-us-central1-helloWorld-0224dfd9-d137-452a-8d8a-70929b85b2fa]: IDLE {"metadata":{"emulator":{"name":"functions"},"function":{"name":"us-central1-helloWorld"},"extension":{},"message":"[worker-us-central1-helloWorld-0224dfd9-d137-452a-8d8a-70929b85b2fa]: IDLE"}}
[debug] [2024-09-09T10:35:21.804Z] Finishing up request with event=finish {"metadata":{"emulator":{"name":"functions"},"function":{"name":"us-central1-helloWorld"},"extension":{},"message":"Finishing up request with event=finish"}}
[debug] [2024-09-09T10:35:21.804Z] Finishing up request with event=close {"metadata":{"emulator":{"name":"functions"},"function":{"name":"us-central1-helloWorld"},"extension":{},"message":"Finishing up request with event=close"}}
[debug] [2024-09-09T10:35:21.804Z] [work-queue] {"queuedWork":[],"queueLength":0,"runningWork":[],"workRunningCount":0}
[debug] [2024-09-09T10:35:21.830Z] Functions emulator received unknown request at path /favicon.ico
[debug] [2024-09-09T10:35:31.411Z] [work-queue] {"queuedWork":["/motionbit-doc/us-central1/helloWorld-2024-09-09T10:35:31.411Z"],"queueLength":1,"runningWork":[],"workRunningCount":0}
[debug] [2024-09-09T10:35:31.411Z] [work-queue] {"queuedWork":[],"queueLength":0,"runningWork":["/motionbit-doc/us-central1/helloWorld-2024-09-09T10:35:31.411Z"],"workRunningCount":1}
[debug] [2024-09-09T10:35:31.411Z] Accepted request GET /motionbit-doc/us-central1/helloWorld --> us-central1-helloWorld
[debug] [2024-09-09T10:35:31.428Z] [functions] Runtime ready! Sending request! {"metadata":{"emulator":{"name":"functions"},"message":"[functions] Runtime ready! Sending request!"}}
[debug] [2024-09-09T10:35:31.428Z] [functions] Got req.url=/motionbit-doc/us-central1/helloWorld, mapping to path=/ {"metadata":{"emulator":{"name":"functions"},"message":"[functions] Got req.url=/motionbit-doc/us-central1/helloWorld, mapping to path=/"}}
[debug] [2024-09-09T10:35:31.428Z] [worker-pool] submitRequest(triggerId=us-central1-helloWorld) {"metadata":{"emulator":{"name":"functions"},"message":"[worker-pool] submitRequest(triggerId=us-central1-helloWorld)"}}
[info] i  functions: Beginning execution of "us-central1-helloWorld" {"metadata":{"emulator":{"name":"functions"},"function":{"name":"us-central1-helloWorld"},"extension":{},"message":"Beginning execution of \"us-central1-helloWorld\""}}
[debug] [2024-09-09T10:35:31.429Z] [worker-us-central1-helloWorld-0224dfd9-d137-452a-8d8a-70929b85b2fa]: BUSY {"metadata":{"emulator":{"name":"functions"},"function":{"name":"us-central1-helloWorld"},"extension":{},"message":"[worker-us-central1-helloWorld-0224dfd9-d137-452a-8d8a-70929b85b2fa]: BUSY"}}
[debug] [2024-09-09T10:35:31.431Z] Finishing up request with event=pause {"metadata":{"emulator":{"name":"functions"},"function":{"name":"us-central1-helloWorld"},"extension":{},"message":"Finishing up request with event=pause"}}
[info] i  functions: Finished "us-central1-helloWorld" in 2.368708ms {"metadata":{"emulator":{"name":"functions"},"function":{"name":"us-central1-helloWorld"},"extension":{},"message":"Finished \"us-central1-helloWorld\" in 2.368708ms"}}
[debug] [2024-09-09T10:35:31.431Z] [worker-us-central1-helloWorld-0224dfd9-d137-452a-8d8a-70929b85b2fa]: IDLE {"metadata":{"emulator":{"name":"functions"},"function":{"name":"us-central1-helloWorld"},"extension":{},"message":"[worker-us-central1-helloWorld-0224dfd9-d137-452a-8d8a-70929b85b2fa]: IDLE"}}
[debug] [2024-09-09T10:35:31.431Z] Finishing up request with event=finish {"metadata":{"emulator":{"name":"functions"},"function":{"name":"us-central1-helloWorld"},"extension":{},"message":"Finishing up request with event=finish"}}
[debug] [2024-09-09T10:35:31.431Z] Finishing up request with event=close {"metadata":{"emulator":{"name":"functions"},"function":{"name":"us-central1-helloWorld"},"extension":{},"message":"Finishing up request with event=close"}}
[debug] [2024-09-09T10:35:31.431Z] [work-queue] {"queuedWork":[],"queueLength":0,"runningWork":[],"workRunningCount":0}
